c:\users\user\desktop\me\minigame\minigame\minigame\x64\debug\minigame.pch
c:\users\user\desktop\me\minigame\minigame\minigame\x64\debug\vc143.pdb
c:\users\user\desktop\me\minigame\minigame\minigame\x64\debug\vc143.idb
c:\users\user\desktop\me\minigame\minigame\minigame\x64\debug\cgamemgr.obj
c:\users\user\desktop\me\minigame\minigame\minigame\x64\debug\cland.obj
c:\users\user\desktop\me\minigame\minigame\minigame\x64\debug\cmain.obj
c:\users\user\desktop\me\minigame\minigame\minigame\x64\debug\cmainbtn.obj
c:\users\user\desktop\me\minigame\minigame\minigame\x64\debug\func.obj
c:\users\user\desktop\me\minigame\minigame\minigame\x64\debug\main.obj
c:\users\user\desktop\me\minigame\minigame\minigame\x64\debug\struct.obj
c:\users\user\desktop\me\minigame\minigame\minigame\x64\debug\typinggame.obj
c:\users\user\desktop\me\minigame\minigame\x64\debug\minigame.exe
c:\users\user\desktop\me\minigame\minigame\minigame\x64\debug\minigame.ilk
c:\users\user\desktop\me\minigame\minigame\x64\debug\minigame.pdb
c:\users\user\desktop\me\minigame\minigame\minigame\x64\debug\minigame.tlog\cl.command.1.tlog
c:\users\user\desktop\me\minigame\minigame\minigame\x64\debug\minigame.tlog\cl.items.tlog
c:\users\user\desktop\me\minigame\minigame\minigame\x64\debug\minigame.tlog\cl.read.1.tlog
c:\users\user\desktop\me\minigame\minigame\minigame\x64\debug\minigame.tlog\cl.write.1.tlog
c:\users\user\desktop\me\minigame\minigame\minigame\x64\debug\minigame.tlog\link.command.1.tlog
c:\users\user\desktop\me\minigame\minigame\minigame\x64\debug\minigame.tlog\link.read.1.tlog
c:\users\user\desktop\me\minigame\minigame\minigame\x64\debug\minigame.tlog\link.write.1.tlog
